app/build/outputs/logs/manifest-merger-debug-report.txt
-- Merging decision tree log ---
manifest
ADDED from src/main/AndroidManifest.xml:2:1-70:12
INJECTED from src/main/AndroidManifest.xml:2:1-70:12
INJECTED from src/main/AndroidManifest.xml:2:1-70:12
INJECTED from src/main/AndroidManifest.xml:2:1-70:12
INJECTED from src/main/AndroidManifest.xml:2:1-70:12
INJECTED from src/main/AndroidManifest.xml:2:1-70:12
INJECTED from src/main/AndroidManifest.xml:2:1-70:12
	package
		ADDED from src/main/AndroidManifest.xml:4:5-31
		INJECTED from src/main/AndroidManifest.xml
		INJECTED from src/main/AndroidManifest.xml
	android:versionName
		ADDED from src/main/AndroidManifest.xml:6:11-36
		INJECTED from src/main/AndroidManifest.xml
		INJECTED from src/main/AndroidManifest.xml
	xmlns:tools
		ADDED from src/main/AndroidManifest.xml:3:5-51
	xmlns:android
		ADDED from src/main/AndroidManifest.xml:2:11-69
	android:versionCode
		ADDED from src/main/AndroidManifest.xml:5:11-35
		INJECTED from src/main/AndroidManifest.xml
		INJECTED from src/main/AndroidManifest.xml
uses-permission#android.permission.WRITE_EXTERNAL_STORAGE
ADDED from src/main/AndroidManifest.xml:8:5-80
	android:name
		ADDED from src/main/AndroidManifest.xml:8:22-78
application
ADDED from src/main/AndroidManifest.xml:10:5-68:19
	android:clearTaskOnLaunch
		ADDED from src/main/AndroidManifest.xml:14:13-45
	android:stateNotNeeded
		ADDED from src/main/AndroidManifest.xml:15:13-42
	android:label
		ADDED from src/main/AndroidManifest.xml:11:18-56
	android:launchMode
		ADDED from src/main/AndroidManifest.xml:13:13-48
	tools:ignore
		ADDED from src/main/AndroidManifest.xml:16:9-48
	android:icon
		ADDED from src/main/AndroidManifest.xml:10:18-46
	android:allowBackup
		ADDED from src/main/AndroidManifest.xml:17:9-36
	android:name
		ADDED from src/main/AndroidManifest.xml:12:18-47
activity#com.epassafe.upm.AppEntryActivity
ADDED from src/main/AndroidManifest.xml:18:9-25:20
	android:name
		ADDED from src/main/AndroidManifest.xml:18:19-51
intent-filter#action:name:android.intent.action.MAIN+category:name:android.intent.category.DEFAULT+category:name:android.intent.category.HOME+category:name:android.intent.category.LAUNCHER
ADDED from src/main/AndroidManifest.xml:19:13-24:29
action#android.intent.action.MAIN
ADDED from src/main/AndroidManifest.xml:20:17-69
	android:name
		ADDED from src/main/AndroidManifest.xml:20:25-66
category#android.intent.category.HOME
ADDED from src/main/AndroidManifest.xml:21:17-72
	android:name
		ADDED from src/main/AndroidManifest.xml:21:27-70
category#android.intent.category.DEFAULT
ADDED from src/main/AndroidManifest.xml:22:17-76
	android:name
		ADDED from src/main/AndroidManifest.xml:22:27-73
category#android.intent.category.LAUNCHER
ADDED from src/main/AndroidManifest.xml:23:17-77
	android:name
		ADDED from src/main/AndroidManifest.xml:23:27-74
activity#com.epassafe.upm.EnterMasterPassword
ADDED from src/main/AndroidManifest.xml:27:9-28:20
	android:name
		ADDED from src/main/AndroidManifest.xml:27:19-54
activity#com.epassafe.upm.FullAccountList
ADDED from src/main/AndroidManifest.xml:30:9-33:20
	android:name
		ADDED from src/main/AndroidManifest.xml:30:19-50
meta-data#android.app.default_searchable
ADDED from src/main/AndroidManifest.xml:31:13-32:57
	android:value
		ADDED from src/main/AndroidManifest.xml:32:24-54
	android:name
		ADDED from src/main/AndroidManifest.xml:31:24-69
activity#com.epassafe.upm.ViewAccountDetails
ADDED from src/main/AndroidManifest.xml:35:9-36:20
	android:name
		ADDED from src/main/AndroidManifest.xml:35:19-53
activity#com.epassafe.upm.CreateNewDatabase
ADDED from src/main/AndroidManifest.xml:38:9-39:20
	android:name
		ADDED from src/main/AndroidManifest.xml:38:19-52
activity#com.epassafe.upm.AddEditAccount
ADDED from src/main/AndroidManifest.xml:41:9-42:20
	android:name
		ADDED from src/main/AndroidManifest.xml:41:19-49
activity#com.epassafe.upm.ChangeMasterPassword
ADDED from src/main/AndroidManifest.xml:44:9-45:20
	android:name
		ADDED from src/main/AndroidManifest.xml:44:19-55
activity#com.epassafe.upm.EasterEgg
ADDED from src/main/AndroidManifest.xml:47:9-48:20
	android:name
		ADDED from src/main/AndroidManifest.xml:47:19-44
activity#com.epassafe.upm.PassGenerator
ADDED from src/main/AndroidManifest.xml:50:9-51:20
	android:name
		ADDED from src/main/AndroidManifest.xml:50:19-48
activity#com.epassafe.upm.GenPrefs
ADDED from src/main/AndroidManifest.xml:53:9-54:20
	android:name
		ADDED from src/main/AndroidManifest.xml:53:19-43
activity#com.epassafe.upm.SearchResults
ADDED from src/main/AndroidManifest.xml:56:9-66:20
	android:label
		ADDED from src/main/AndroidManifest.xml:57:19-57
	android:launchMode
		ADDED from src/main/AndroidManifest.xml:58:19-49
	android:exported
		ADDED from src/main/AndroidManifest.xml:59:19-43
	android:name
		ADDED from src/main/AndroidManifest.xml:56:19-48
intent-filter#action:name:android.intent.action.SEARCH
ADDED from src/main/AndroidManifest.xml:60:13-62:29
action#android.intent.action.SEARCH
ADDED from src/main/AndroidManifest.xml:61:17-70
	android:name
		ADDED from src/main/AndroidManifest.xml:61:25-68
meta-data#android.app.searchable
ADDED from src/main/AndroidManifest.xml:64:13-65:60
	android:resource
		ADDED from src/main/AndroidManifest.xml:65:24-58
	android:name
		ADDED from src/main/AndroidManifest.xml:64:24-61
uses-sdk
INJECTED from src/main/AndroidManifest.xml reason: use-sdk injection requested
INJECTED from src/main/AndroidManifest.xml
INJECTED from src/main/AndroidManifest.xml
INJECTED from src/main/AndroidManifest.xml
INJECTED from src/main/AndroidManifest.xml
	android:targetSdkVersion
		INJECTED from src/main/AndroidManifest.xml
		ADDED from src/main/AndroidManifest.xml
		INJECTED from src/main/AndroidManifest.xml
	android:minSdkVersion
		INJECTED from src/main/AndroidManifest.xml
		ADDED from src/main/AndroidManifest.xml
		INJECTED from src/main/AndroidManifest.xml